<?xml version="1.0" encoding="UTF-8"?>
<!-- Generated by org.testng.reporters.JUnitReportReporter -->
<testsuite name="amazonScript.AmazonDemo" tests="1" time="45.419" ignored="0" failures="0" timestamp="06 Apr 2020 16:11:29 GMT" skipped="0" hostname="User" errors="0">
  <testcase name="testUntitled" time="45.419" classname="amazonScript.AmazonDemo"/>
</testsuite> <!-- amazonScript.AmazonDemo -->
